<?xml version="1.0" encoding="UTF-8"?>
<Site BuildName="(empty)"
	BuildStamp="20260714-0149-Experimental"
	Name="orangepi5"
	Generator="ctest-3.22.1"
	CompilerName="/usr/bin/c++"
	CompilerVersion="11.4.0"
	OSName="Linux"
	Hostname="orangepi5"
	OSRelease="6.1.99-rockchip-rk3588"
	OSVersion="#1.2.2 SMP Thu Jun 26 14:42:53 CST 2025"
	OSPlatform="aarch64"
	Is64Bits="1"
	VendorString=""
	VendorID="Unknown Manufacturer"
	FamilyID="8"
	ModelID="0"
	ProcessorCacheSize="0"
	NumberOfLogicalCPU="8"
	NumberOfPhysicalCPU="1"
	TotalVirtualMemory="3967"
	TotalPhysicalMemory="7934"
	LogicalProcessorsPerPhysical="8"
	ProcessorClockFrequency="0"
	>
	<Testing>
		<StartDateTime>Jul 14 09:49 CST</StartDateTime>
		<StartTestTime>1783993766</StartTestTime>
		<TestList>
			<Test>./test_guideboard_recognizer</Test>
		</TestList>
		<Test Status="passed">
			<Name>test_guideboard_recognizer</Name>
			<Path>.</Path>
			<FullName>./test_guideboard_recognizer</FullName>
			<FullCommandLine>/usr/bin/python3 "-u" "/opt/ros/humble/share/ament_cmake_test/cmake/run_test.py" "/home/orangepi/scuderiaferrari/build/track_perception_cpp/test_results/track_perception_cpp/test_guideboard_recognizer.gtest.xml" "--package-name" "track_perception_cpp" "--output-file" "/home/orangepi/scuderiaferrari/build/track_perception_cpp/ament_cmake_gtest/test_guideboard_recognizer.txt" "--command" "/home/orangepi/scuderiaferrari/build/track_perception_cpp/test_guideboard_recognizer" "--gtest_output=xml:/home/orangepi/scuderiaferrari/build/track_perception_cpp/test_results/track_perception_cpp/test_guideboard_recognizer.gtest.xml"</FullCommandLine>
			<Results>
				<NamedMeasurement type="numeric/double" name="Execution Time">
					<Value>0.148193</Value>
				</NamedMeasurement>
				<NamedMeasurement type="numeric/double" name="Processors">
					<Value>1</Value>
				</NamedMeasurement>
				<NamedMeasurement type="text/string" name="Completion Status">
					<Value>Completed</Value>
				</NamedMeasurement>
				<NamedMeasurement type="text/string" name="Command Line">
					<Value>/usr/bin/python3 "-u" "/opt/ros/humble/share/ament_cmake_test/cmake/run_test.py" "/home/orangepi/scuderiaferrari/build/track_perception_cpp/test_results/track_perception_cpp/test_guideboard_recognizer.gtest.xml" "--package-name" "track_perception_cpp" "--output-file" "/home/orangepi/scuderiaferrari/build/track_perception_cpp/ament_cmake_gtest/test_guideboard_recognizer.txt" "--command" "/home/orangepi/scuderiaferrari/build/track_perception_cpp/test_guideboard_recognizer" "--gtest_output=xml:/home/orangepi/scuderiaferrari/build/track_perception_cpp/test_results/track_perception_cpp/test_guideboard_recognizer.gtest.xml"</Value>
				</NamedMeasurement>
				<NamedMeasurement type="text/string" name="Environment">
					<Value>#CTEST_RESOURCE_GROUP_COUNT=</Value>
				</NamedMeasurement>
				<Measurement>
					<Value>-- run_test.py: invoking following command in '/home/orangepi/scuderiaferrari/build/track_perception_cpp':
 - /home/orangepi/scuderiaferrari/build/track_perception_cpp/test_guideboard_recognizer --gtest_output=xml:/home/orangepi/scuderiaferrari/build/track_perception_cpp/test_results/track_perception_cpp/test_guideboard_recognizer.gtest.xml
Running main() from /opt/ros/humble/src/gtest_vendor/src/gtest_main.cc
[==========] Running 6 tests from 1 test suite.
[----------] Global test environment set-up.
[----------] 6 tests from GuideboardRecognizerTest
[ RUN      ] GuideboardRecognizerTest.NormalizesUtf8AndPunctuation
[       OK ] GuideboardRecognizerTest.NormalizesUtf8AndPunctuation (0 ms)
[ RUN      ] GuideboardRecognizerTest.ClassifiesAllExactTemplatesAfterTwoFrames
[       OK ] GuideboardRecognizerTest.ClassifiesAllExactTemplatesAfterTwoFrames (0 ms)
[ RUN      ] GuideboardRecognizerTest.ToleratesObservedOcrErrors
[       OK ] GuideboardRecognizerTest.ToleratesObservedOcrErrors (0 ms)
[ RUN      ] GuideboardRecognizerTest.CommonOrWeakTextRemainsUnknown
[       OK ] GuideboardRecognizerTest.CommonOrWeakTextRemainsUnknown (0 ms)
[ RUN      ] GuideboardRecognizerTest.ResetClearsStableEvidence
[       OK ] GuideboardRecognizerTest.ResetClearsStableEvidence (0 ms)
[ RUN      ] GuideboardRecognizerTest.RejectsInvalidConfiguration
[       OK ] GuideboardRecognizerTest.RejectsInvalidConfiguration (0 ms)
[----------] 6 tests from GuideboardRecognizerTest (1 ms total)

[----------] Global test environment tear-down
[==========] 6 tests from 1 test suite ran. (1 ms total)
[  PASSED  ] 6 tests.
-- run_test.py: return code 0
-- run_test.py: inject classname prefix into gtest result file '/home/orangepi/scuderiaferrari/build/track_perception_cpp/test_results/track_perception_cpp/test_guideboard_recognizer.gtest.xml'
-- run_test.py: verify result file '/home/orangepi/scuderiaferrari/build/track_perception_cpp/test_results/track_perception_cpp/test_guideboard_recognizer.gtest.xml'
</Value>
				</Measurement>
			</Results>
			<Labels>
				<Label>gtest</Label>
			</Labels>
		</Test>
		<EndDateTime>Jul 14 09:49 CST</EndDateTime>
		<EndTestTime>1783993766</EndTestTime>
		<ElapsedMinutes>0</ElapsedMinutes>
	</Testing>
</Site>
