<?xml version="1.0" encoding="UTF-8"?>
<testsuites tests="6" failures="0" disabled="0" errors="0" time="0" timestamp="2026-08-23T04:00:23" name="AllTests">
  <testsuite name="GuideboardReverseState" tests="6" failures="0" disabled="0" errors="0" time="0" timestamp="2026-08-23T04:00:23">
    <testcase name="CompletesWithIncreasingEncoder" status="run" result="completed" time="0" timestamp="2026-08-23T04:00:23" classname="line_follower_control_cpp.GuideboardReverseState" />
    <testcase name="CompletesWithDecreasingEncoder" status="run" result="completed" time="0" timestamp="2026-08-23T04:00:23" classname="line_follower_control_cpp.GuideboardReverseState" />
    <testcase name="IgnoresJitterButRejectsDirectionReversal" status="run" result="completed" time="0" timestamp="2026-08-23T04:00:23" classname="line_follower_control_cpp.GuideboardReverseState" />
    <testcase name="RejectsLargeStep" status="run" result="completed" time="0" timestamp="2026-08-23T04:00:23" classname="line_follower_control_cpp.GuideboardReverseState" />
    <testcase name="FaultsOnStaleEncoderAndTimeout" status="run" result="completed" time="0" timestamp="2026-08-23T04:00:23" classname="line_follower_control_cpp.GuideboardReverseState" />
    <testcase name="RejectsMissingOrStaleInitialEncoder" status="run" result="completed" time="0" timestamp="2026-08-23T04:00:23" classname="line_follower_control_cpp.GuideboardReverseState" />
  </testsuite>
</testsuites>
