<?xml version="1.0" encoding="UTF-8"?>
<testsuites tests="9" failures="0" disabled="0" errors="0" time="0" timestamp="2026-08-23T05:06:25" name="AllTests">
  <testsuite name="GuideboardReverseState" tests="9" failures="0" disabled="0" errors="0" time="0" timestamp="2026-08-23T05:06:25">
    <testcase name="CompletesWithIncreasingEncoder" status="run" result="completed" time="0" timestamp="2026-08-23T05:06:25" classname="line_follower_control_cpp.GuideboardReverseState" />
    <testcase name="CompletesWithDecreasingEncoder" status="run" result="completed" time="0" timestamp="2026-08-23T05:06:25" classname="line_follower_control_cpp.GuideboardReverseState" />
    <testcase name="SettlesForwardResidualBeforeMeasuringReverse" status="run" result="completed" time="0" timestamp="2026-08-23T05:06:25" classname="line_follower_control_cpp.GuideboardReverseState" />
    <testcase name="WaitsForMinimumTimeAndConsecutiveStableSamples" status="run" result="completed" time="0" timestamp="2026-08-23T05:06:25" classname="line_follower_control_cpp.GuideboardReverseState" />
    <testcase name="IgnoresJitterButRejectsDirectionReversalAfterSettling" status="run" result="completed" time="0" timestamp="2026-08-23T05:06:25" classname="line_follower_control_cpp.GuideboardReverseState" />
    <testcase name="RejectsLargeStep" status="run" result="completed" time="0" timestamp="2026-08-23T05:06:25" classname="line_follower_control_cpp.GuideboardReverseState" />
    <testcase name="FaultsOnStaleEncoderAndTimeout" status="run" result="completed" time="0" timestamp="2026-08-23T05:06:25" classname="line_follower_control_cpp.GuideboardReverseState" />
    <testcase name="RejectsMissingOrStaleInitialEncoder" status="run" result="completed" time="0" timestamp="2026-08-23T05:06:25" classname="line_follower_control_cpp.GuideboardReverseState" />
    <testcase name="RejectsInvalidSettlingConfiguration" status="run" result="completed" time="0" timestamp="2026-08-23T05:06:25" classname="line_follower_control_cpp.GuideboardReverseState" />
  </testsuite>
</testsuites>
