<?xml version="1.0" encoding="UTF-8"?>
<testsuites tests="21" failures="0" disabled="0" errors="0" time="0.569" timestamp="2026-08-19T04:13:47" name="AllTests">
  <testsuite name="LaneDecisionCarTemplateTest" tests="21" failures="0" disabled="0" errors="0" time="0.569" timestamp="2026-08-19T04:13:47">
    <testcase name="NoCarLeavesOrdinaryQuadraticFitUnchanged" status="run" result="completed" time="0.001" timestamp="2026-08-19T04:13:47" classname="track_perception_cpp.LaneDecisionCarTemplateTest" />
    <testcase name="RightCarUsesAllLeftRoadBoundaries" status="run" result="completed" time="0" timestamp="2026-08-19T04:13:47" classname="track_perception_cpp.LaneDecisionCarTemplateTest" />
    <testcase name="FarCarUsesHeightRatioEvenWhenBottomIsNearHorizon" status="run" result="completed" time="0.001" timestamp="2026-08-19T04:13:47" classname="track_perception_cpp.LaneDecisionCarTemplateTest" />
    <testcase name="SameHeightFitPointRightOfCarMeansCarIsLeft" status="run" result="completed" time="0.001" timestamp="2026-08-19T04:13:47" classname="track_perception_cpp.LaneDecisionCarTemplateTest" />
    <testcase name="SameHeightFitPointLeftOfCarMeansCarIsRight" status="run" result="completed" time="0" timestamp="2026-08-19T04:13:47" classname="track_perception_cpp.LaneDecisionCarTemplateTest" />
    <testcase name="CarSideUsesLowestFitPointInDownwardExtension" status="run" result="completed" time="0.001" timestamp="2026-08-19T04:13:47" classname="track_perception_cpp.LaneDecisionCarTemplateTest" />
    <testcase name="LeftCarUsesLeftBoundaryOffsets" status="run" result="completed" time="0.001" timestamp="2026-08-19T04:13:47" classname="track_perception_cpp.LaneDecisionCarTemplateTest" />
    <testcase name="LeftCarUsesDirectPerBandEmpiricalOffsets" status="run" result="completed" time="0" timestamp="2026-08-19T04:13:47" classname="track_perception_cpp.LaneDecisionCarTemplateTest" />
    <testcase name="PerBandOffsetsMoveTemplateTowardRoadInterior" status="run" result="completed" time="0.001" timestamp="2026-08-19T04:13:47" classname="track_perception_cpp.LaneDecisionCarTemplateTest" />
    <testcase name="DoesNotStartWithoutEnoughTemplatePoints" status="run" result="completed" time="0.001" timestamp="2026-08-19T04:13:47" classname="track_perception_cpp.LaneDecisionCarTemplateTest" />
    <testcase name="DoesNotStartWithStaleEncoderFeedback" status="run" result="completed" time="0" timestamp="2026-08-19T04:13:47" classname="track_perception_cpp.LaneDecisionCarTemplateTest" />
    <testcase name="ActiveDetourKeepsCachedTemplateWhenBandsDisappear" status="run" result="completed" time="0.001" timestamp="2026-08-19T04:13:47" classname="track_perception_cpp.LaneDecisionCarTemplateTest" />
    <testcase name="EncoderTransitionsAtExactBoundariesAndBlendsReturn" status="run" result="completed" time="0.002" timestamp="2026-08-19T04:13:47" classname="track_perception_cpp.LaneDecisionCarTemplateTest" />
    <testcase name="WaitClearRequiresThreeConsecutiveNoCarFrames" status="run" result="completed" time="0.002" timestamp="2026-08-19T04:13:47" classname="track_perception_cpp.LaneDecisionCarTemplateTest" />
    <testcase name="SideAndTemplateStayLatchedAfterDetectionLoss" status="run" result="completed" time="0.001" timestamp="2026-08-19T04:13:47" classname="track_perception_cpp.LaneDecisionCarTemplateTest" />
    <testcase name="OppositeFitPointEvidenceDoesNotChangeLatchedSide" status="run" result="completed" time="0.001" timestamp="2026-08-19T04:13:47" classname="track_perception_cpp.LaneDecisionCarTemplateTest" />
    <testcase name="ShortEncoderFaultHoldsTemplate" status="run" result="completed" time="0.001" timestamp="2026-08-19T04:13:47" classname="track_perception_cpp.LaneDecisionCarTemplateTest" />
    <testcase name="EncoderRollbackUsesFaultExitInsteadOfAbsoluteDelta" status="run" result="completed" time="0.552" timestamp="2026-08-19T04:13:47" classname="track_perception_cpp.LaneDecisionCarTemplateTest" />
    <testcase name="BranchEncoderContinuesWhileCarOverridesOutput" status="run" result="completed" time="0.001" timestamp="2026-08-19T04:13:47" classname="track_perception_cpp.LaneDecisionCarTemplateTest" />
    <testcase name="HumanAndFinishProtectionRemainIndependent" status="run" result="completed" time="0.001" timestamp="2026-08-19T04:13:47" classname="track_perception_cpp.LaneDecisionCarTemplateTest" />
    <testcase name="OnlyNearestHumanControlsAvoidance" status="run" result="completed" time="0" timestamp="2026-08-19T04:13:47" classname="track_perception_cpp.LaneDecisionCarTemplateTest" />
  </testsuite>
</testsuites>
