<?xml version="1.0" encoding="UTF-8"?>
<testsuites tests="22" failures="0" disabled="0" errors="0" time="0.052" timestamp="2026-08-16T23:17:37" name="AllTests">
  <testsuite name="LaneDecisionCarBoundaryTest" tests="22" failures="0" disabled="0" errors="0" time="0.052" timestamp="2026-08-16T23:17:37">
    <testcase name="NoCarKeepsSharpTurnPointsAndQuadraticFit" status="run" result="completed" time="0.002" timestamp="2026-08-16T23:17:37" classname="track_perception_cpp.LaneDecisionCarBoundaryTest" />
    <testcase name="KalmanFiltersBandCentersBeforeFit" status="run" result="completed" time="0.006" timestamp="2026-08-16T23:17:37" classname="track_perception_cpp.LaneDecisionCarBoundaryTest" />
    <testcase name="OffsetOutputUsesCurrentFittedCurveWithoutSecondFilter" status="run" result="completed" time="0" timestamp="2026-08-16T23:17:37" classname="track_perception_cpp.LaneDecisionCarBoundaryTest" />
    <testcase name="RemovesCarSideFarPointsAndKeepsNearLeftPoints" status="run" result="completed" time="0.001" timestamp="2026-08-16T23:17:37" classname="track_perception_cpp.LaneDecisionCarBoundaryTest" />
    <testcase name="AppliesLeftEdgeRuleEvenWhenCarIsInImageLeftHalf" status="run" result="completed" time="0" timestamp="2026-08-16T23:17:37" classname="track_perception_cpp.LaneDecisionCarBoundaryTest" />
    <testcase name="PushesExpandedCarPointsAndDeletesOutsideFarPoints" status="run" result="completed" time="0.001" timestamp="2026-08-16T23:17:37" classname="track_perception_cpp.LaneDecisionCarBoundaryTest" />
    <testcase name="PushModeIsSwitchableAndDoesNotStackLegacyDeletion" status="run" result="completed" time="0.001" timestamp="2026-08-16T23:17:37" classname="track_perception_cpp.LaneDecisionCarBoundaryTest" />
    <testcase name="SmoothsBoundaryAndKeepsItAcrossTwoLostFrames" status="run" result="completed" time="0.002" timestamp="2026-08-16T23:17:37" classname="track_perception_cpp.LaneDecisionCarBoundaryTest" />
    <testcase name="HoldsLastQuadraticFitThenBecomesLowConfidence" status="run" result="completed" time="0.022" timestamp="2026-08-16T23:17:37" classname="track_perception_cpp.LaneDecisionCarBoundaryTest" />
    <testcase name="NoHumanKeepsHumanStateClear" status="run" result="completed" time="0" timestamp="2026-08-16T23:17:37" classname="track_perception_cpp.LaneDecisionCarBoundaryTest" />
    <testcase name="HumansOnEitherSidePassAndDoNotChangeFit" status="run" result="completed" time="0.002" timestamp="2026-08-16T23:17:37" classname="track_perception_cpp.LaneDecisionCarBoundaryTest" />
    <testcase name="ExpandedBoundaryContactCountsAsIntersection" status="run" result="completed" time="0" timestamp="2026-08-16T23:17:37" classname="track_perception_cpp.LaneDecisionCarBoundaryTest" />
    <testcase name="FiveSamplesCatchCurveIntersectionNearBoxTop" status="run" result="completed" time="0" timestamp="2026-08-16T23:17:37" classname="track_perception_cpp.LaneDecisionCarBoundaryTest" />
    <testcase name="FarOverlapKeepsControllerRunning" status="run" result="completed" time="0.001" timestamp="2026-08-16T23:17:37" classname="track_perception_cpp.LaneDecisionCarBoundaryTest" />
    <testcase name="NearOverlapStopsAfterConfirmation" status="run" result="completed" time="0" timestamp="2026-08-16T23:17:37" classname="track_perception_cpp.LaneDecisionCarBoundaryTest" />
    <testcase name="RawAreaDoesNotDependOnExpansionSize" status="run" result="completed" time="0.001" timestamp="2026-08-16T23:17:37" classname="track_perception_cpp.LaneDecisionCarBoundaryTest" />
    <testcase name="InvalidFitStopsOnlyWhenHumanIsNear" status="run" result="completed" time="0.002" timestamp="2026-08-16T23:17:37" classname="track_perception_cpp.LaneDecisionCarBoundaryTest" />
    <testcase name="StoppedHumanLossDoesNotReleaseAndSafeFramesDo" status="run" result="completed" time="0.002" timestamp="2026-08-16T23:17:37" classname="track_perception_cpp.LaneDecisionCarBoundaryTest" />
    <testcase name="MissingHumanInMultipleTargetStopCannotClear" status="run" result="completed" time="0.004" timestamp="2026-08-16T23:17:37" classname="track_perception_cpp.LaneDecisionCarBoundaryTest" />
    <testcase name="RightEdgeHasNoSpecialBypass" status="run" result="completed" time="0.001" timestamp="2026-08-16T23:17:37" classname="track_perception_cpp.LaneDecisionCarBoundaryTest" />
    <testcase name="HumanNeverEntersLegacyBandExclusionPath" status="run" result="completed" time="0.001" timestamp="2026-08-16T23:17:37" classname="track_perception_cpp.LaneDecisionCarBoundaryTest" />
    <testcase name="FinishAndLowConfidenceProtectionRemainActive" status="run" result="completed" time="0.002" timestamp="2026-08-16T23:17:37" classname="track_perception_cpp.LaneDecisionCarBoundaryTest" />
  </testsuite>
</testsuites>
