<?xml version="1.0" encoding="UTF-8"?>
<testsuites tests="5" failures="0" disabled="0" errors="0" time="0.001" timestamp="2026-08-20T04:50:25" name="AllTests">
  <testsuite name="GuideboardApiClientTest" tests="5" failures="0" disabled="0" errors="0" time="0" timestamp="2026-08-20T04:50:25">
    <testcase name="CertainDecisionIsAlwaysAccepted" status="run" result="completed" time="0" timestamp="2026-08-20T04:50:25" classname="track_perception_cpp.GuideboardApiClientTest" />
    <testcase name="HighConfidenceUncertainDecisionIsAccepted" status="run" result="completed" time="0" timestamp="2026-08-20T04:50:25" classname="track_perception_cpp.GuideboardApiClientTest" />
    <testcase name="LowConfidenceUncertainDecisionIsRejected" status="run" result="completed" time="0" timestamp="2026-08-20T04:50:25" classname="track_perception_cpp.GuideboardApiClientTest" />
    <testcase name="InvalidConfidenceIsRejectedForUncertainDecision" status="run" result="completed" time="0" timestamp="2026-08-20T04:50:25" classname="track_perception_cpp.GuideboardApiClientTest" />
    <testcase name="ThresholdIsClampedToUnitInterval" status="run" result="completed" time="0" timestamp="2026-08-20T04:50:25" classname="track_perception_cpp.GuideboardApiClientTest" />
  </testsuite>
</testsuites>
